<?xml version="1.0" encoding="UTF-8"?>
<testng-results ignored="0" total="1" passed="1" failed="0" skipped="0">
  <reporter-output>
  </reporter-output>
  <suite started-at="2022-07-18T15:57:41 IST" name="Default suite" finished-at="2022-07-18T15:57:41 IST" duration-ms="64">
    <groups>
    </groups>
    <test started-at="2022-07-18T15:57:41 IST" name="Default test" finished-at="2022-07-18T15:57:41 IST" duration-ms="64">
      <class name="selenium_new.Practice2Test">
        <test-method signature="demo()[pri:0, instance:selenium_new.Practice2Test@61386958]" started-at="2022-07-18T15:57:41 IST" name="demo" finished-at="2022-07-18T15:57:41 IST" duration-ms="11" status="PASS">
          <reporter-output>
          </reporter-output>
        </test-method> <!-- demo -->
      </class> <!-- selenium_new.Practice2Test -->
    </test> <!-- Default test -->
  </suite> <!-- Default suite -->
</testng-results>
